01/09/18 15:37:13 v1.34.5 @ JSK, System/Build Info: 
Using GMP-ECM 6.3, Powered by GMP 5.1.1
cached 78498 primes. pmax = 999983
detected Intel(R) Core(TM) i7-4710MQ CPU @ 2.50GHz
detected L1 = 32768 bytes, L2 = 6291456 bytes, CL = 64 bytes
measured cpu frequency ~= 2492.202240
using 20 random witnesses for Rabin-Miller PRP checks

01/09/18 15:37:13 v1.34.5 @ JSK, New random seeds: 1516446120, 1861920328

01/09/18 15:37:13 v1.34.5 @ JSK, Processing expression: factor(


01/09/18 15:37:50 v1.34.5 @ JSK, System/Build Info: 
Using GMP-ECM 6.3, Powered by GMP 5.1.1
cached 78498 primes. pmax = 999983
detected Intel(R) Core(TM) i7-4710MQ CPU @ 2.50GHz
detected L1 = 32768 bytes, L2 = 6291456 bytes, CL = 64 bytes
measured cpu frequency ~= 2492.576810
using 20 random witnesses for Rabin-Miller PRP checks

01/09/18 15:37:51 v1.34.5 @ JSK, New random seeds: 2048310778, 1840538448

01/09/18 15:37:51 v1.34.5 @ JSK, Processing expression: factor(12751233068921660030612916837777215319379069282742136325030797062909672039089934934221239115485586280430590845472766049168697383450704700718782796213884777853521288190486273813470594846213362365214292304968173747351787497627548256390761835991421870385747500426523978371199522913178843735834456640845496344427395398489958112683630863655472157344730425041696114659641989881007569684657783143670345775421453015125096975736894328388304053351209164720711884543299538269782080125262879377841984490947037736073628163453677448757017879393251327788422188141054595457742661911138046885073801508554474982316067765454164812051813)


01/10/18 17:37:54 v1.34.5 @ JSK, System/Build Info: 
Using GMP-ECM 6.3, Powered by GMP 5.1.1
cached 78498 primes. pmax = 999983
detected Intel(R) Core(TM) i7-4710MQ CPU @ 2.50GHz
detected L1 = 32768 bytes, L2 = 6291456 bytes, CL = 64 bytes
measured cpu frequency ~= 2494.314570
using 20 random witnesses for Rabin-Miller PRP checks

01/10/18 17:37:54 v1.34.5 @ JSK, New random seeds: 453482686, 4064437632

01/10/18 17:37:54 v1.34.5 @ JSK, Processing expression: 87924348264132406875276140514499937145050893665602592992418171647042491658461


01/10/18 17:38:17 v1.34.5 @ JSK, System/Build Info: 
Using GMP-ECM 6.3, Powered by GMP 5.1.1
cached 78498 primes. pmax = 999983
detected Intel(R) Core(TM) i7-4710MQ CPU @ 2.50GHz
detected L1 = 32768 bytes, L2 = 6291456 bytes, CL = 64 bytes
measured cpu frequency ~= 2485.641300
using 20 random witnesses for Rabin-Miller PRP checks

01/10/18 17:38:17 v1.34.5 @ JSK, New random seeds: 2704649445, 3407109264

01/10/18 17:38:17 v1.34.5 @ JSK, Processing expression: factor(87924348264132406875276140514499937145050893665602592992418171647042491658461)


